c:\users\conor\desktop\computer science\project\c++\algorithms\algorithms\debug\algorithms.pch
c:\users\conor\desktop\computer science\project\c++\algorithms\algorithms\debug\vc140.pdb
c:\users\conor\desktop\computer science\project\c++\algorithms\algorithms\debug\vc140.idb
c:\users\conor\desktop\computer science\project\c++\algorithms\algorithms\debug\stdafx.obj
c:\users\conor\desktop\computer science\project\c++\algorithms\algorithms\debug\aes.obj
c:\users\conor\desktop\computer science\project\c++\algorithms\algorithms\debug\algorithms.obj
c:\users\conor\desktop\computer science\project\c++\algorithms\algorithms\debug\blowfish.obj
c:\users\conor\desktop\computer science\project\c++\algorithms\algorithms\debug\des.obj
c:\users\conor\desktop\computer science\project\c++\algorithms\algorithms\debug\filereader.obj
c:\users\conor\desktop\computer science\project\c++\algorithms\algorithms\debug\rsa.obj
c:\users\conor\desktop\computer science\project\c++\algorithms\algorithms\debug\tdes.obj
c:\users\conor\desktop\computer science\project\c++\algorithms\debug\algorithms.ilk
c:\users\conor\desktop\computer science\project\c++\algorithms\debug\algorithms.exe
c:\users\conor\desktop\computer science\project\c++\algorithms\debug\algorithms.pdb
c:\users\conor\desktop\computer science\project\c++\algorithms\algorithms\debug\algorithms.tlog\cl.command.1.tlog
c:\users\conor\desktop\computer science\project\c++\algorithms\algorithms\debug\algorithms.tlog\cl.read.1.tlog
c:\users\conor\desktop\computer science\project\c++\algorithms\algorithms\debug\algorithms.tlog\cl.write.1.tlog
c:\users\conor\desktop\computer science\project\c++\algorithms\algorithms\debug\algorithms.tlog\link.command.1.tlog
c:\users\conor\desktop\computer science\project\c++\algorithms\algorithms\debug\algorithms.tlog\link.read.1.tlog
c:\users\conor\desktop\computer science\project\c++\algorithms\algorithms\debug\algorithms.tlog\link.write.1.tlog
